build/outputs/logs/manifest-merger-debug-report.txt
-- Merging decision tree log ---
manifest
ADDED from Android-burgeon-project\AndroidManifest.xml:2:1-966:12
INJECTED from Android-burgeon-project\AndroidManifest.xml:2:1-966:12
INJECTED from Android-burgeon-project\AndroidManifest.xml:2:1-966:12
INJECTED from Android-burgeon-project\AndroidManifest.xml:2:1-966:12
INJECTED from Android-burgeon-project\AndroidManifest.xml:2:1-966:12
INJECTED from Android-burgeon-project\AndroidManifest.xml:2:1-966:12
INJECTED from Android-burgeon-project\AndroidManifest.xml:2:1-966:12
	package
		ADDED from Android-burgeon-project\AndroidManifest.xml:3:5-42
		INJECTED from Android-burgeon-project\AndroidManifest.xml
		INJECTED from Android-burgeon-project\AndroidManifest.xml
	android:versionName
		ADDED from Android-burgeon-project\AndroidManifest.xml:5:5-30
		INJECTED from Android-burgeon-project\AndroidManifest.xml
		INJECTED from Android-burgeon-project\AndroidManifest.xml
	xmlns:android
		ADDED from Android-burgeon-project\AndroidManifest.xml:2:11-69
	android:versionCode
		ADDED from Android-burgeon-project\AndroidManifest.xml:4:5-28
		INJECTED from Android-burgeon-project\AndroidManifest.xml
		INJECTED from Android-burgeon-project\AndroidManifest.xml
uses-sdk
ADDED from Android-burgeon-project\AndroidManifest.xml:7:5-9:41
INJECTED from Android-burgeon-project\AndroidManifest.xml:7:5-9:41
INJECTED from Android-burgeon-project\AndroidManifest.xml:7:5-9:41
INJECTED from Android-burgeon-project\AndroidManifest.xml:7:5-9:41
INJECTED from Android-burgeon-project\AndroidManifest.xml:7:5-9:41
	android:targetSdkVersion
		ADDED from Android-burgeon-project\AndroidManifest.xml:9:9-38
		INJECTED from Android-burgeon-project\AndroidManifest.xml
		INJECTED from Android-burgeon-project\AndroidManifest.xml
	android:minSdkVersion
		ADDED from Android-burgeon-project\AndroidManifest.xml:8:9-35
		INJECTED from Android-burgeon-project\AndroidManifest.xml
		INJECTED from Android-burgeon-project\AndroidManifest.xml
uses-permission#android.permission.WRITE_EXTERNAL_STORAGE
ADDED from Android-burgeon-project\AndroidManifest.xml:11:5-81
	android:name
		ADDED from Android-burgeon-project\AndroidManifest.xml:11:22-78
uses-permission#android.permission.WRITE_SETTINGS
ADDED from Android-burgeon-project\AndroidManifest.xml:12:5-73
	android:name
		ADDED from Android-burgeon-project\AndroidManifest.xml:12:22-70
uses-permission#android.permission.CHANGE_CONFIGURATION
ADDED from Android-burgeon-project\AndroidManifest.xml:13:5-79
	android:name
		ADDED from Android-burgeon-project\AndroidManifest.xml:13:22-76
uses-permission#android.permission.MOUNT_UNMOUNT_FILESYSTEMS
ADDED from Android-burgeon-project\AndroidManifest.xml:14:5-84
	android:name
		ADDED from Android-burgeon-project\AndroidManifest.xml:14:22-81
uses-permission#android.permission.VIBRATE
ADDED from Android-burgeon-project\AndroidManifest.xml:15:5-66
	android:name
		ADDED from Android-burgeon-project\AndroidManifest.xml:15:22-63
uses-permission#android.permission.BLUETOOTH
ADDED from Android-burgeon-project\AndroidManifest.xml:16:5-68
	android:name
		ADDED from Android-burgeon-project\AndroidManifest.xml:16:22-65
uses-permission#android.permission.BLUETOOTH_ADMIN
ADDED from Android-burgeon-project\AndroidManifest.xml:17:5-74
	android:name
		ADDED from Android-burgeon-project\AndroidManifest.xml:17:22-71
uses-permission#android.permission.NFC
ADDED from Android-burgeon-project\AndroidManifest.xml:18:5-62
	android:name
		ADDED from Android-burgeon-project\AndroidManifest.xml:18:22-59
uses-permission#android.permission.CALL_PHONE
ADDED from Android-burgeon-project\AndroidManifest.xml:19:5-69
	android:name
		ADDED from Android-burgeon-project\AndroidManifest.xml:19:22-66
uses-permission#android.permission.MODIFY_AUDIO_SETTINGS
ADDED from Android-burgeon-project\AndroidManifest.xml:20:5-80
	android:name
		ADDED from Android-burgeon-project\AndroidManifest.xml:20:22-77
uses-permission#android.permission.USE_CREDENTIALS
ADDED from Android-burgeon-project\AndroidManifest.xml:21:5-74
	android:name
		ADDED from Android-burgeon-project\AndroidManifest.xml:21:22-71
uses-permission#com.google.android.googleapps.permission.GOOGLE_AUTH
ADDED from Android-burgeon-project\AndroidManifest.xml:22:5-92
	android:name
		ADDED from Android-burgeon-project\AndroidManifest.xml:22:22-89
uses-permission#android.permission.ACCESS_DOWNLOAD_MANAGER
ADDED from Android-burgeon-project\AndroidManifest.xml:23:5-82
	android:name
		ADDED from Android-burgeon-project\AndroidManifest.xml:23:22-79
uses-permission#android.permission.READ_CONTACTS
ADDED from Android-burgeon-project\AndroidManifest.xml:24:5-72
	android:name
		ADDED from Android-burgeon-project\AndroidManifest.xml:24:22-69
uses-permission#android.permission.WRITE_CONTACTS
ADDED from Android-burgeon-project\AndroidManifest.xml:25:5-73
	android:name
		ADDED from Android-burgeon-project\AndroidManifest.xml:25:22-70
uses-permission#android.permission.ACCESS_NETWORK_STATE
ADDED from Android-burgeon-project\AndroidManifest.xml:26:5-79
	android:name
		ADDED from Android-burgeon-project\AndroidManifest.xml:26:22-76
uses-permission#android.permission.ACCESS_WIMAX_STATE
ADDED from Android-burgeon-project\AndroidManifest.xml:27:5-77
	android:name
		ADDED from Android-burgeon-project\AndroidManifest.xml:27:22-74
uses-permission#android.permission.CHANGE_WIMAX_STATE
ADDED from Android-burgeon-project\AndroidManifest.xml:28:5-77
	android:name
		ADDED from Android-burgeon-project\AndroidManifest.xml:28:22-74
uses-permission#android.permission.ACCESS_WIFI_STATE
ADDED from Android-burgeon-project\AndroidManifest.xml:29:5-76
	android:name
		ADDED from Android-burgeon-project\AndroidManifest.xml:29:22-73
uses-permission#android.permission.CHANGE_WIFI_STATE
ADDED from Android-burgeon-project\AndroidManifest.xml:30:5-76
	android:name
		ADDED from Android-burgeon-project\AndroidManifest.xml:30:22-73
uses-permission#android.permission.INTERNET
ADDED from Android-burgeon-project\AndroidManifest.xml:31:5-67
	android:name
		ADDED from Android-burgeon-project\AndroidManifest.xml:31:22-64
uses-permission#android.permission.READ_PHONE_STATE
ADDED from Android-burgeon-project\AndroidManifest.xml:32:5-75
	android:name
		ADDED from Android-burgeon-project\AndroidManifest.xml:32:22-72
uses-permission#android.permission.ACCESS_COARSE_LOCATION
ADDED from Android-burgeon-project\AndroidManifest.xml:33:5-81
	android:name
		ADDED from Android-burgeon-project\AndroidManifest.xml:33:22-78
uses-permission#android.permission.READ_USER_DICTIONARY
ADDED from Android-burgeon-project\AndroidManifest.xml:34:5-79
	android:name
		ADDED from Android-burgeon-project\AndroidManifest.xml:34:22-76
uses-permission#android.permission.WRITE_USER_DICTIONARY
ADDED from Android-burgeon-project\AndroidManifest.xml:35:5-80
	android:name
		ADDED from Android-burgeon-project\AndroidManifest.xml:35:22-77
uses-permission#android.permission.BATTERY_STATS
ADDED from Android-burgeon-project\AndroidManifest.xml:36:5-72
	android:name
		ADDED from Android-burgeon-project\AndroidManifest.xml:36:22-69
uses-permission#com.android.launcher.permission.READ_SETTINGS
ADDED from Android-burgeon-project\AndroidManifest.xml:37:5-85
	android:name
		ADDED from Android-burgeon-project\AndroidManifest.xml:37:22-82
uses-permission#com.android.launcher.permission.WRITE_SETTINGS
ADDED from Android-burgeon-project\AndroidManifest.xml:38:5-86
	android:name
		ADDED from Android-burgeon-project\AndroidManifest.xml:38:22-83
uses-permission#android.permission.READ_SYNC_SETTINGS
ADDED from Android-burgeon-project\AndroidManifest.xml:40:5-77
	android:name
		ADDED from Android-burgeon-project\AndroidManifest.xml:40:22-74
uses-permission#android.permission.WRITE_SYNC_SETTINGS
ADDED from Android-burgeon-project\AndroidManifest.xml:41:5-78
	android:name
		ADDED from Android-burgeon-project\AndroidManifest.xml:41:22-75
uses-permission#android.permission.READ_SYNC_STATS
ADDED from Android-burgeon-project\AndroidManifest.xml:42:5-74
	android:name
		ADDED from Android-burgeon-project\AndroidManifest.xml:42:22-71
uses-permission#android.permission.RESTART_PACKAGES
ADDED from Android-burgeon-project\AndroidManifest.xml:45:5-75
	android:name
		ADDED from Android-burgeon-project\AndroidManifest.xml:45:22-72
uses-permission#android.permission.SYSTEM_ALERT_WINDOW
ADDED from Android-burgeon-project\AndroidManifest.xml:46:5-78
	android:name
		ADDED from Android-burgeon-project\AndroidManifest.xml:46:22-75
uses-permission#android.permission.EXPAND_STATUS_BAR
ADDED from Android-burgeon-project\AndroidManifest.xml:47:5-76
	android:name
		ADDED from Android-burgeon-project\AndroidManifest.xml:47:22-73
application
ADDED from Android-burgeon-project\AndroidManifest.xml:49:5-964:19
	android:label
		ADDED from Android-burgeon-project\AndroidManifest.xml:53:9-41
	android:hardwareAccelerated
		ADDED from Android-burgeon-project\AndroidManifest.xml:51:9-43
	android:icon
		ADDED from Android-burgeon-project\AndroidManifest.xml:52:9-44
	android:allowBackup
		ADDED from Android-burgeon-project\AndroidManifest.xml:50:9-35
	android:theme
		ADDED from Android-burgeon-project\AndroidManifest.xml:54:9-48
activity#com.rickdynasty.tws.core.apidemos.ApiDemos
ADDED from Android-burgeon-project\AndroidManifest.xml:55:9-63:20
	android:theme
		ADDED from Android-burgeon-project\AndroidManifest.xml:57:13-50
	android:name
		ADDED from Android-burgeon-project\AndroidManifest.xml:56:13-70
intent-filter#android.intent.action.MAIN+android.intent.category.LAUNCHER
ADDED from Android-burgeon-project\AndroidManifest.xml:58:13-62:29
action#android.intent.action.MAIN
ADDED from Android-burgeon-project\AndroidManifest.xml:59:17-69
	android:name
		ADDED from Android-burgeon-project\AndroidManifest.xml:59:25-66
category#android.intent.category.LAUNCHER
ADDED from Android-burgeon-project\AndroidManifest.xml:61:17-77
	android:name
		ADDED from Android-burgeon-project\AndroidManifest.xml:61:27-74
activity#com.rickdynasty.tws.core.apidemos.actionbar.ActionBarDisplayOptions
ADDED from Android-burgeon-project\AndroidManifest.xml:64:9-73:20
	android:label
		ADDED from Android-burgeon-project\AndroidManifest.xml:66:13-75
	android:theme
		ADDED from Android-burgeon-project\AndroidManifest.xml:67:13-55
	android:name
		ADDED from Android-burgeon-project\AndroidManifest.xml:65:13-95
intent-filter#android.intent.action.MAIN+rickdynasty.tws.intent.category.SAMPLE_CODE
ADDED from Android-burgeon-project\AndroidManifest.xml:68:13-72:29
category#rickdynasty.tws.intent.category.SAMPLE_CODE
ADDED from Android-burgeon-project\AndroidManifest.xml:71:17-88
	android:name
		ADDED from Android-burgeon-project\AndroidManifest.xml:71:27-85
activity#com.rickdynasty.tws.core.apidemos.actionbar.ActionBarGradient
ADDED from Android-burgeon-project\AndroidManifest.xml:74:9-83:20
	android:label
		ADDED from Android-burgeon-project\AndroidManifest.xml:76:13-69
	android:theme
		ADDED from Android-burgeon-project\AndroidManifest.xml:77:13-56
	android:name
		ADDED from Android-burgeon-project\AndroidManifest.xml:75:13-89
activity#com.rickdynasty.tws.core.apidemos.actionbar.ActionBarNormalButton
ADDED from Android-burgeon-project\AndroidManifest.xml:84:9-92:20
	android:label
		ADDED from Android-burgeon-project\AndroidManifest.xml:86:13-73
	android:name
		ADDED from Android-burgeon-project\AndroidManifest.xml:85:13-93
activity#com.rickdynasty.tws.core.apidemos.actionbar.ActionBarNormalHolo
ADDED from Android-burgeon-project\AndroidManifest.xml:93:9-101:20
	android:label
		ADDED from Android-burgeon-project\AndroidManifest.xml:95:13-71
	android:name
		ADDED from Android-burgeon-project\AndroidManifest.xml:94:13-91
activity#com.rickdynasty.tws.core.apidemos.actionbar.ActionBarNormalEdit
ADDED from Android-burgeon-project\AndroidManifest.xml:102:9-110:20
	android:label
		ADDED from Android-burgeon-project\AndroidManifest.xml:104:13-71
	android:name
		ADDED from Android-burgeon-project\AndroidManifest.xml:103:13-91
activity#com.rickdynasty.tws.core.apidemos.actionbar.ActionBarShowHide
ADDED from Android-burgeon-project\AndroidManifest.xml:111:9-120:20
	android:label
		ADDED from Android-burgeon-project\AndroidManifest.xml:113:13-69
	android:uiOptions
		ADDED from Android-burgeon-project\AndroidManifest.xml:114:13-57
	android:name
		ADDED from Android-burgeon-project\AndroidManifest.xml:112:13-89
activity#com.rickdynasty.tws.core.apidemos.actionbar.ActionModeNormal
ADDED from Android-burgeon-project\AndroidManifest.xml:121:9-130:20
	android:label
		ADDED from Android-burgeon-project\AndroidManifest.xml:123:13-68
	android:uiOptions
		ADDED from Android-burgeon-project\AndroidManifest.xml:124:13-37
	android:name
		ADDED from Android-burgeon-project\AndroidManifest.xml:122:13-88
activity#com.rickdynasty.tws.core.apidemos.actionbar.ActionModeCheckListActivity
ADDED from Android-burgeon-project\AndroidManifest.xml:131:9-139:20
	android:label
		ADDED from Android-burgeon-project\AndroidManifest.xml:133:13-79
	android:name
		ADDED from Android-burgeon-project\AndroidManifest.xml:132:13-99
activity#com.rickdynasty.tws.core.apidemos.actionbar.ActionBarSpinner
ADDED from Android-burgeon-project\AndroidManifest.xml:140:9-147:20
	android:label
		ADDED from Android-burgeon-project\AndroidManifest.xml:142:13-68
	android:name
		ADDED from Android-burgeon-project\AndroidManifest.xml:141:13-88
intent-filter#android.intent.category.DEFAULT+rickdynasty.tws.intent.category.SAMPLE_CODE
ADDED from Android-burgeon-project\AndroidManifest.xml:143:13-146:29
category#android.intent.category.DEFAULT
ADDED from Android-burgeon-project\AndroidManifest.xml:144:17-76
	android:name
		ADDED from Android-burgeon-project\AndroidManifest.xml:144:27-73
activity#com.rickdynasty.tws.core.apidemos.actionbar.ActionModeMultiChoiceListActivity
ADDED from Android-burgeon-project\AndroidManifest.xml:148:9-157:20
	android:label
		ADDED from Android-burgeon-project\AndroidManifest.xml:150:13-85
	android:uiOptions
		ADDED from Android-burgeon-project\AndroidManifest.xml:152:13-57
	android:theme
		ADDED from Android-burgeon-project\AndroidManifest.xml:151:13-51
	android:name
		ADDED from Android-burgeon-project\AndroidManifest.xml:149:13-105
activity#com.rickdynasty.tws.core.apidemos.actionbar.ActionMenuSelected
ADDED from Android-burgeon-project\AndroidManifest.xml:158:9-167:20
	android:label
		ADDED from Android-burgeon-project\AndroidManifest.xml:160:13-70
	android:uiOptions
		ADDED from Android-burgeon-project\AndroidManifest.xml:161:13-57
	android:name
		ADDED from Android-burgeon-project\AndroidManifest.xml:159:13-90
activity#com.rickdynasty.tws.core.apidemos.actionbar.ActionMenuSelectedText
ADDED from Android-burgeon-project\AndroidManifest.xml:168:9-178:20
	android:label
		ADDED from Android-burgeon-project\AndroidManifest.xml:170:13-74
	android:uiOptions
		ADDED from Android-burgeon-project\AndroidManifest.xml:172:13-57
	android:theme
		ADDED from Android-burgeon-project\AndroidManifest.xml:171:13-57
	android:name
		ADDED from Android-burgeon-project\AndroidManifest.xml:169:13-94
activity#com.rickdynasty.tws.core.apidemos.widget.TwsBaseWidget
ADDED from Android-burgeon-project\AndroidManifest.xml:179:9-188:20
	android:label
		ADDED from Android-burgeon-project\AndroidManifest.xml:181:13-65
	android:theme
		ADDED from Android-burgeon-project\AndroidManifest.xml:182:13-49
	android:name
		ADDED from Android-burgeon-project\AndroidManifest.xml:180:13-82
activity#com.rickdynasty.tws.core.apidemos.listview.ListViewTest
ADDED from Android-burgeon-project\AndroidManifest.xml:189:9-197:20
	android:label
		ADDED from Android-burgeon-project\AndroidManifest.xml:191:13-64
	android:name
		ADDED from Android-burgeon-project\AndroidManifest.xml:190:13-83
activity#com.rickdynasty.tws.core.apidemos.listview.ListViewComplex
ADDED from Android-burgeon-project\AndroidManifest.xml:198:9-206:20
	android:label
		ADDED from Android-burgeon-project\AndroidManifest.xml:200:13-67
	android:name
		ADDED from Android-burgeon-project\AndroidManifest.xml:199:13-86
activity#com.rickdynasty.tws.core.apidemos.listview.MultipleChoiceList
ADDED from Android-burgeon-project\AndroidManifest.xml:207:9-215:20
	android:label
		ADDED from Android-burgeon-project\AndroidManifest.xml:209:13-70
	android:name
		ADDED from Android-burgeon-project\AndroidManifest.xml:208:13-89
activity#com.rickdynasty.tws.core.apidemos.preference.PreferenceActivityDemo
ADDED from Android-burgeon-project\AndroidManifest.xml:216:9-224:20
	android:label
		ADDED from Android-burgeon-project\AndroidManifest.xml:218:13-74
	android:name
		ADDED from Android-burgeon-project\AndroidManifest.xml:217:13-95
activity#com.rickdynasty.tws.core.apidemos.tab.TabViewpagerActivity
ADDED from Android-burgeon-project\AndroidManifest.xml:225:9-233:20
	android:label
		ADDED from Android-burgeon-project\AndroidManifest.xml:227:13-72
	android:name
		ADDED from Android-burgeon-project\AndroidManifest.xml:226:13-86
activity#com.rickdynasty.tws.core.apidemos.widget.AlertDialogSamples
ADDED from Android-burgeon-project\AndroidManifest.xml:234:9-242:20
	android:label
		ADDED from Android-burgeon-project\AndroidManifest.xml:236:13-70
	android:name
		ADDED from Android-burgeon-project\AndroidManifest.xml:235:13-87
activity#com.rickdynasty.tws.core.apidemos.widget.AlertActivitySamples
ADDED from Android-burgeon-project\AndroidManifest.xml:243:9-252:20
	android:label
		ADDED from Android-burgeon-project\AndroidManifest.xml:245:13-72
	android:theme
		ADDED from Android-burgeon-project\AndroidManifest.xml:246:13-66
	android:name
		ADDED from Android-burgeon-project\AndroidManifest.xml:244:13-89
activity#com.rickdynasty.tws.core.apidemos.fragment.FragmentDemo
ADDED from Android-burgeon-project\AndroidManifest.xml:253:9-261:20
	android:label
		ADDED from Android-burgeon-project\AndroidManifest.xml:255:13-64
	android:name
		ADDED from Android-burgeon-project\AndroidManifest.xml:254:13-83
activity#com.rickdynasty.tws.core.apidemos.sortlistview.SortListviewActivity
ADDED from Android-burgeon-project\AndroidManifest.xml:262:9-270:20
	android:label
		ADDED from Android-burgeon-project\AndroidManifest.xml:264:13-72
	android:name
		ADDED from Android-burgeon-project\AndroidManifest.xml:263:13-95
activity#com.rickdynasty.tws.core.apidemos.expandablelistview.CustomExpandableListActivity
ADDED from Android-burgeon-project\AndroidManifest.xml:271:9-279:20
	android:label
		ADDED from Android-burgeon-project\AndroidManifest.xml:273:13-80
	android:name
		ADDED from Android-burgeon-project\AndroidManifest.xml:272:13-109
activity#com.rickdynasty.tws.core.apidemos.expandablelistview.SimpleExpandableListActivity
ADDED from Android-burgeon-project\AndroidManifest.xml:280:9-288:20
	android:label
		ADDED from Android-burgeon-project\AndroidManifest.xml:282:13-80
	android:name
		ADDED from Android-burgeon-project\AndroidManifest.xml:281:13-109
activity#com.rickdynasty.tws.core.apidemos.view.DatePickerView
ADDED from Android-burgeon-project\AndroidManifest.xml:289:9-297:20
	android:label
		ADDED from Android-burgeon-project\AndroidManifest.xml:291:13-66
	android:name
		ADDED from Android-burgeon-project\AndroidManifest.xml:290:13-81
activity#com.rickdynasty.tws.core.apidemos.view.DateTimePickerView
ADDED from Android-burgeon-project\AndroidManifest.xml:298:9-306:20
	android:label
		ADDED from Android-burgeon-project\AndroidManifest.xml:300:13-70
	android:name
		ADDED from Android-burgeon-project\AndroidManifest.xml:299:13-85
activity#com.rickdynasty.tws.core.apidemos.view.TimePickerView
ADDED from Android-burgeon-project\AndroidManifest.xml:307:9-315:20
	android:label
		ADDED from Android-burgeon-project\AndroidManifest.xml:309:13-66
	android:name
		ADDED from Android-burgeon-project\AndroidManifest.xml:308:13-81
activity#com.rickdynasty.tws.core.apidemos.view.PickerDialogOutside
ADDED from Android-burgeon-project\AndroidManifest.xml:316:9-324:20
	android:label
		ADDED from Android-burgeon-project\AndroidManifest.xml:318:13-71
	android:name
		ADDED from Android-burgeon-project\AndroidManifest.xml:317:13-86
activity#com.rickdynasty.tws.core.apidemos.searchview.SearchResultActivity
ADDED from Android-burgeon-project\AndroidManifest.xml:325:9-336:20
	android:screenOrientation
		ADDED from Android-burgeon-project\AndroidManifest.xml:329:13-49
	android:label
		ADDED from Android-burgeon-project\AndroidManifest.xml:328:13-72
	android:exported
		ADDED from Android-burgeon-project\AndroidManifest.xml:327:13-37
	android:theme
		ADDED from Android-burgeon-project\AndroidManifest.xml:330:13-64
	android:name
		ADDED from Android-burgeon-project\AndroidManifest.xml:326:13-93
activity#com.rickdynasty.tws.core.apidemos.actiontab.TwsActionBarTabSecondCustom
ADDED from Android-burgeon-project\AndroidManifest.xml:337:9-346:20
	android:label
		ADDED from Android-burgeon-project\AndroidManifest.xml:339:13-79
	android:theme
		ADDED from Android-burgeon-project\AndroidManifest.xml:340:13-60
	android:name
		ADDED from Android-burgeon-project\AndroidManifest.xml:338:13-99
activity#com.rickdynasty.tws.core.apidemos.actiontab.TwsActionBarTabSecond
ADDED from Android-burgeon-project\AndroidManifest.xml:347:9-356:20
	android:label
		ADDED from Android-burgeon-project\AndroidManifest.xml:349:13-73
	android:theme
		ADDED from Android-burgeon-project\AndroidManifest.xml:350:13-60
	android:name
		ADDED from Android-burgeon-project\AndroidManifest.xml:348:13-93
activity#com.rickdynasty.tws.core.apidemos.actiontab.TwsActionBarTabCustom
ADDED from Android-burgeon-project\AndroidManifest.xml:357:9-366:20
	android:label
		ADDED from Android-burgeon-project\AndroidManifest.xml:359:13-73
	android:theme
		ADDED from Android-burgeon-project\AndroidManifest.xml:360:13-60
	android:name
		ADDED from Android-burgeon-project\AndroidManifest.xml:358:13-93
activity#com.rickdynasty.tws.core.apidemos.actiontab.TwsActionBarTab
ADDED from Android-burgeon-project\AndroidManifest.xml:367:9-376:20
	android:label
		ADDED from Android-burgeon-project\AndroidManifest.xml:369:13-67
	android:theme
		ADDED from Android-burgeon-project\AndroidManifest.xml:370:13-60
	android:name
		ADDED from Android-burgeon-project\AndroidManifest.xml:368:13-87
activity#com.rickdynasty.tws.core.apidemos.view.NumberPickerView
ADDED from Android-burgeon-project\AndroidManifest.xml:377:9-386:20
	android:label
		ADDED from Android-burgeon-project\AndroidManifest.xml:379:13-68
	android:theme
		ADDED from Android-burgeon-project\AndroidManifest.xml:380:13-59
	android:name
		ADDED from Android-burgeon-project\AndroidManifest.xml:378:13-83
activity#com.rickdynasty.tws.core.apidemos.blur.ListViewBlur
ADDED from Android-burgeon-project\AndroidManifest.xml:387:9-396:20
	android:label
		ADDED from Android-burgeon-project\AndroidManifest.xml:389:13-64
	android:uiOptions
		ADDED from Android-burgeon-project\AndroidManifest.xml:390:13-57
	android:name
		ADDED from Android-burgeon-project\AndroidManifest.xml:388:13-79
activity#com.rickdynasty.tws.core.apidemos.blur.ListViewFullScreenBlur
ADDED from Android-burgeon-project\AndroidManifest.xml:397:9-406:20
	android:label
		ADDED from Android-burgeon-project\AndroidManifest.xml:399:13-74
	android:uiOptions
		ADDED from Android-burgeon-project\AndroidManifest.xml:400:13-57
	android:name
		ADDED from Android-burgeon-project\AndroidManifest.xml:398:13-89
activity#com.rickdynasty.tws.core.apidemos.blur.ListViewFullScreenNoBlur
ADDED from Android-burgeon-project\AndroidManifest.xml:407:9-416:20
	android:label
		ADDED from Android-burgeon-project\AndroidManifest.xml:409:13-76
	android:uiOptions
		ADDED from Android-burgeon-project\AndroidManifest.xml:410:13-57
	android:name
		ADDED from Android-burgeon-project\AndroidManifest.xml:408:13-91
activity#com.rickdynasty.tws.core.apidemos.blur.ActionModeListViewFullScreenBlur
ADDED from Android-burgeon-project\AndroidManifest.xml:417:9-425:20
	android:label
		ADDED from Android-burgeon-project\AndroidManifest.xml:419:13-84
	android:name
		ADDED from Android-burgeon-project\AndroidManifest.xml:418:13-99
activity#com.rickdynasty.tws.core.apidemos.blur.ScrollViewBlur
ADDED from Android-burgeon-project\AndroidManifest.xml:426:9-435:20
	android:label
		ADDED from Android-burgeon-project\AndroidManifest.xml:428:13-66
	android:uiOptions
		ADDED from Android-burgeon-project\AndroidManifest.xml:429:13-57
	android:name
		ADDED from Android-burgeon-project\AndroidManifest.xml:427:13-81
activity#com.rickdynasty.tws.core.apidemos.blur.ScrollViewFullScreenBlur
ADDED from Android-burgeon-project\AndroidManifest.xml:436:9-445:20
	android:label
		ADDED from Android-burgeon-project\AndroidManifest.xml:438:13-76
	android:uiOptions
		ADDED from Android-burgeon-project\AndroidManifest.xml:439:13-57
	android:name
		ADDED from Android-burgeon-project\AndroidManifest.xml:437:13-91
activity#com.rickdynasty.tws.core.apidemos.blur.ScrollViewFullScreenNoBlur
ADDED from Android-burgeon-project\AndroidManifest.xml:446:9-455:20
	android:label
		ADDED from Android-burgeon-project\AndroidManifest.xml:448:13-78
	android:uiOptions
		ADDED from Android-burgeon-project\AndroidManifest.xml:449:13-57
	android:name
		ADDED from Android-burgeon-project\AndroidManifest.xml:447:13-93
activity#com.rickdynasty.tws.core.apidemos.blur.GridViewBlur
ADDED from Android-burgeon-project\AndroidManifest.xml:456:9-465:20
	android:label
		ADDED from Android-burgeon-project\AndroidManifest.xml:458:13-64
	android:uiOptions
		ADDED from Android-burgeon-project\AndroidManifest.xml:459:13-57
	android:name
		ADDED from Android-burgeon-project\AndroidManifest.xml:457:13-79
activity#com.rickdynasty.tws.core.apidemos.blur.ActionModeGridViewBlur
ADDED from Android-burgeon-project\AndroidManifest.xml:466:9-475:20
	android:label
		ADDED from Android-burgeon-project\AndroidManifest.xml:468:13-74
	android:uiOptions
		ADDED from Android-burgeon-project\AndroidManifest.xml:469:13-57
	android:name
		ADDED from Android-burgeon-project\AndroidManifest.xml:467:13-89
activity#com.rickdynasty.tws.core.apidemos.blur.GridViewNoBlur
ADDED from Android-burgeon-project\AndroidManifest.xml:476:9-485:20
	android:label
		ADDED from Android-burgeon-project\AndroidManifest.xml:478:13-66
	android:uiOptions
		ADDED from Android-burgeon-project\AndroidManifest.xml:479:13-57
	android:name
		ADDED from Android-burgeon-project\AndroidManifest.xml:477:13-81
activity#com.rickdynasty.tws.core.apidemos.blur.ActionModeBlur
ADDED from Android-burgeon-project\AndroidManifest.xml:486:9-495:20
	android:label
		ADDED from Android-burgeon-project\AndroidManifest.xml:488:13-66
	android:uiOptions
		ADDED from Android-burgeon-project\AndroidManifest.xml:489:13-57
	android:name
		ADDED from Android-burgeon-project\AndroidManifest.xml:487:13-81
activity#com.rickdynasty.tws.core.apidemos.blur.ActionModeNoBlur
ADDED from Android-burgeon-project\AndroidManifest.xml:496:9-505:20
	android:label
		ADDED from Android-burgeon-project\AndroidManifest.xml:498:13-68
	android:uiOptions
		ADDED from Android-burgeon-project\AndroidManifest.xml:499:13-57
	android:name
		ADDED from Android-burgeon-project\AndroidManifest.xml:497:13-83
activity#com.rickdynasty.tws.core.apidemos.listview.SimpleListView
ADDED from Android-burgeon-project\AndroidManifest.xml:506:9-514:20
	android:label
		ADDED from Android-burgeon-project\AndroidManifest.xml:508:13-66
	android:name
		ADDED from Android-burgeon-project\AndroidManifest.xml:507:13-85
activity#com.rickdynasty.tws.core.apidemos.listview.NormalListView
ADDED from Android-burgeon-project\AndroidManifest.xml:515:9-523:20
	android:label
		ADDED from Android-burgeon-project\AndroidManifest.xml:517:13-66
	android:name
		ADDED from Android-burgeon-project\AndroidManifest.xml:516:13-85
activity#com.rickdynasty.tws.core.apidemos.listview.CheckListView
ADDED from Android-burgeon-project\AndroidManifest.xml:524:9-532:20
	android:label
		ADDED from Android-burgeon-project\AndroidManifest.xml:526:13-65
	android:name
		ADDED from Android-burgeon-project\AndroidManifest.xml:525:13-84
activity#com.rickdynasty.tws.core.apidemos.actionbar.ActionBarMiniMode
ADDED from Android-burgeon-project\AndroidManifest.xml:533:9-542:20
	android:label
		ADDED from Android-burgeon-project\AndroidManifest.xml:536:13-69
	android:hardwareAccelerated
		ADDED from Android-burgeon-project\AndroidManifest.xml:535:13-48
	android:name
		ADDED from Android-burgeon-project\AndroidManifest.xml:534:13-89
activity#com.rickdynasty.tws.core.apidemos.sortlistview.SideBarActivity
ADDED from Android-burgeon-project\AndroidManifest.xml:543:9-552:20
	android:label
		ADDED from Android-burgeon-project\AndroidManifest.xml:546:13-67
	android:hardwareAccelerated
		ADDED from Android-burgeon-project\AndroidManifest.xml:545:13-48
	android:name
		ADDED from Android-burgeon-project\AndroidManifest.xml:544:13-90
activity#com.rickdynasty.tws.core.apidemos.ripple.ButtonRipple
ADDED from Android-burgeon-project\AndroidManifest.xml:553:9-562:20
	android:label
		ADDED from Android-burgeon-project\AndroidManifest.xml:556:13-64
	android:hardwareAccelerated
		ADDED from Android-burgeon-project\AndroidManifest.xml:555:13-48
	android:name
		ADDED from Android-burgeon-project\AndroidManifest.xml:554:13-81
activity#com.rickdynasty.tws.core.apidemos.widget.TwsEditTextActivity
ADDED from Android-burgeon-project\AndroidManifest.xml:563:9-572:20
	android:label
		ADDED from Android-burgeon-project\AndroidManifest.xml:566:13-71
	android:hardwareAccelerated
		ADDED from Android-burgeon-project\AndroidManifest.xml:565:13-48
	android:name
		ADDED from Android-burgeon-project\AndroidManifest.xml:564:13-88
activity#com.rickdynasty.tws.core.apidemos.widget.TwsCombinationButtonActivity
ADDED from Android-burgeon-project\AndroidManifest.xml:573:9-582:20
	android:label
		ADDED from Android-burgeon-project\AndroidManifest.xml:576:13-80
	android:hardwareAccelerated
		ADDED from Android-burgeon-project\AndroidManifest.xml:575:13-48
	android:name
		ADDED from Android-burgeon-project\AndroidManifest.xml:574:13-97